2020-06-06 19:00:33: server error Error: ER_PARSE_ERROR: You have an error in your SQL syntax; check the manual that corresponds to your MySQL server version for the right syntax to use near 'typescript';
      ~~~

      ### Lists
      1. Ordered list
      2. Another b' at line 7
    at Query.Sequence._packetToError (/Users/wangxu/Desktop/nodejs/blog-koa2/node_modules/_mysql@2.18.1@mysql/lib/protocol/sequences/Sequence.js:47:14)
    at Query.ErrorPacket (/Users/wangxu/Desktop/nodejs/blog-koa2/node_modules/_mysql@2.18.1@mysql/lib/protocol/sequences/Query.js:79:18)
    at Protocol._parsePacket (/Users/wangxu/Desktop/nodejs/blog-koa2/node_modules/_mysql@2.18.1@mysql/lib/protocol/Protocol.js:291:23)
    at Parser._parsePacket (/Users/wangxu/Desktop/nodejs/blog-koa2/node_modules/_mysql@2.18.1@mysql/lib/protocol/Parser.js:433:10)
    at Parser.write (/Users/wangxu/Desktop/nodejs/blog-koa2/node_modules/_mysql@2.18.1@mysql/lib/protocol/Parser.js:43:10)
    at Protocol.write (/Users/wangxu/Desktop/nodejs/blog-koa2/node_modules/_mysql@2.18.1@mysql/lib/protocol/Protocol.js:38:16)
    at Socket.<anonymous> (/Users/wangxu/Desktop/nodejs/blog-koa2/node_modules/_mysql@2.18.1@mysql/lib/Connection.js:88:28)
    at Socket.<anonymous> (/Users/wangxu/Desktop/nodejs/blog-koa2/node_modules/_mysql@2.18.1@mysql/lib/Connection.js:526:10)
    at Socket.emit (events.js:209:13)
    at addChunk (_stream_readable.js:305:12)
    at readableAddChunk (_stream_readable.js:286:11)
    at Socket.Readable.push (_stream_readable.js:220:10)
    at TCP.onStreamRead (internal/stream_base_commons.js:166:17)
    --------------------
    at Protocol._enqueue (/Users/wangxu/Desktop/nodejs/blog-koa2/node_modules/_mysql@2.18.1@mysql/lib/protocol/Protocol.js:144:48)
    at Connection.query (/Users/wangxu/Desktop/nodejs/blog-koa2/node_modules/_mysql@2.18.1@mysql/lib/Connection.js:198:25)
    at /Users/wangxu/Desktop/nodejs/blog-koa2/db/mysql.js:20:11
    at new Promise (<anonymous>)
    at exec (/Users/wangxu/Desktop/nodejs/blog-koa2/db/mysql.js:9:19)
    at updateBlog (/Users/wangxu/Desktop/nodejs/blog-koa2/controller/blog.js:77:28)
    at /Users/wangxu/Desktop/nodejs/blog-koa2/routes/blog.js:56:22
    at dispatch (/Users/wangxu/Desktop/nodejs/blog-koa2/node_modules/_koa-compose@3.2.1@koa-compose/index.js:44:32)
    at next (/Users/wangxu/Desktop/nodejs/blog-koa2/node_modules/_koa-compose@3.2.1@koa-compose/index.js:45:18)
    at module.exports (/Users/wangxu/Desktop/nodejs/blog-koa2/midware/check-login.js:5:11)
    at dispatch (/Users/wangxu/Desktop/nodejs/blog-koa2/node_modules/_koa-compose@3.2.1@koa-compose/index.js:44:32)
    at next (/Users/wangxu/Desktop/nodejs/blog-koa2/node_modules/_koa-compose@3.2.1@koa-compose/index.js:45:18)
    at /Users/wangxu/Desktop/nodejs/blog-koa2/node_modules/_koa-router@7.4.0@koa-router/lib/router.js:346:16
    at dispatch (/Users/wangxu/Desktop/nodejs/blog-koa2/node_modules/_koa-compose@3.2.1@koa-compose/index.js:44:32)
    at /Users/wangxu/Desktop/nodejs/blog-koa2/node_modules/_koa-compose@3.2.1@koa-compose/index.js:36:12
    at dispatch (/Users/wangxu/Desktop/nodejs/blog-koa2/node_modules/_koa-router@7.4.0@koa-router/lib/router.js:351:31) {
  code: 'ER_PARSE_ERROR',
  errno: 1064,
  sqlMessage: "You have an error in your SQL syntax; check the manual that corresponds to your MySQL server version for the right syntax to use near 'typescript';\n" +
    '      ~~~\n' +
    '\n' +
    '      ### Lists\n' +
    '      1. Ordered list\n' +
    "      2. Another b' at line 7",
  sqlState: '42000',
  index: 0,
  sql: "update bolgs set title='yu', content='\n" +
    '      ## Markdown __rulez__!\n' +
    '      ---\n' +
    '\n' +
    '      ### Syntax highlight\n' +
    '      ~~~typescript\n' +
    "      const language = 'typescript';\n" +
    '      ~~~\n' +
    '\n' +
    '      ### Lists\n' +
    '      1. Ordered list\n' +
    '      2. Another bullet point\n' +
    '        - Unordered list\n' +
    '        - Another unordered bullet point\n' +
    '\n' +
    '      ### Blockquote\n' +
    '      > Blockquote to the max\n' +
    "    ' where id='undefined'"
} {
  request: {
    method: 'POST',
    url: '/api/blog/edit',
    header: {
      cookie: 'user=%7B%22username%22%3A%22cherry%22%2C%22password%22%3A%22abc%22%7D; koa.sid=zS4J4hXVxF9wKHCCVukJI_4khVNEKmLn; koa.sid.sig=oPhBozrSVp9BjC-MuJcy6AgkAsg',
      'accept-language': 'en,zh-CN;q=0.9,zh;q=0.8',
      'accept-encoding': 'gzip, deflate, br',
      referer: 'http://localhost:8090/blog',
      'sec-fetch-dest': 'empty',
      'sec-fetch-mode': 'cors',
      'sec-fetch-site': 'same-origin',
      origin: 'http://localhost:8090',
      'content-type': 'application/json',
      'user-agent': 'Mozilla/5.0 (Macintosh; Intel Mac OS X 10_14_6) AppleWebKit/537.36 (KHTML, like Gecko) Chrome/81.0.4044.138 Safari/537.36',
      accept: 'application/json, text/plain, */*',
      'content-length': '378',
      connection: 'close',
      host: '127.0.0.1:3000'
    }
  },
  response: {
    status: 404,
    message: 'Not Found',
    header: [Object: null prototype] {}
  },
  app: { subdomainOffset: 2, proxy: false, env: 'production' },
  originalUrl: '/api/blog/edit',
  req: '<original node req>',
  res: '<original node res>',
  socket: '<original node socket>'
}
