2020-06-06 18:24:50:   <-- POST /api/user/login
2020-06-06 18:24:50: POST /api/user/login - 31ms
2020-06-06 18:24:50:   --> POST /api/user/login 200 18ms 11b
2020-06-06 18:24:52:   <-- POST /api/blog/edit?id=26
2020-06-06 18:24:52: POST /api/blog/edit?id=26 - 4ms
2020-06-06 18:24:52:   --> POST /api/blog/edit?id=26 200 4ms 11b
2020-06-06 18:56:06:   <-- GET /api/blog/list
2020-06-06 18:56:06: GET /api/blog/list - 23ms
2020-06-06 18:56:06:   --> GET /api/blog/list 200 25ms 1.73kb
2020-06-06 18:57:08:   <-- GET /api/blog/list
2020-06-06 18:57:08: GET /api/blog/list - 5ms
2020-06-06 18:57:08:   --> GET /api/blog/list 200 6ms 1.73kb
2020-06-06 18:57:23:   <-- GET /api/blog/list
2020-06-06 18:57:23: GET /api/blog/list - 2ms
2020-06-06 18:57:23:   --> GET /api/blog/list 200 2ms 2.16kb
2020-06-06 19:00:04:   <-- GET /api/blog/list
2020-06-06 19:00:04: GET /api/blog/list - 2ms
2020-06-06 19:00:04:   --> GET /api/blog/list 200 3ms 2.16kb
2020-06-06 19:00:24:   <-- GET /api/blog/list
2020-06-06 19:00:24: GET /api/blog/list - 2ms
2020-06-06 19:00:24:   --> GET /api/blog/list 200 2ms 2.57kb
2020-06-06 19:00:43:   <-- POST /api/blog/edit
2020-06-06 19:00:43:   xxx POST /api/blog/edit 500 2ms -
2020-06-06 19:02:18:   <-- GET /api/blog/list
2020-06-06 19:02:18: GET /api/blog/list - 14ms
2020-06-06 19:02:18:   --> GET /api/blog/list 200 17ms 2.57kb
2020-06-06 19:02:45:   <-- GET /api/blog/list
2020-06-06 19:02:45: GET /api/blog/list - 3ms
2020-06-06 19:02:45:   --> GET /api/blog/list 200 3ms 2.57kb
2020-06-06 19:02:56:   <-- GET /api/blog/list
2020-06-06 19:02:56: GET /api/blog/list - 2ms
2020-06-06 19:02:56:   --> GET /api/blog/list 200 2ms 2.57kb
2020-06-06 19:04:24:   <-- POST /api/blog/edit
2020-06-06 19:04:24:   xxx POST /api/blog/edit 500 3ms -
2020-06-06 19:13:41:   <-- POST /api/blog/edit
2020-06-06 19:13:41:   xxx POST /api/blog/edit 500 7ms -
2020-06-06 19:15:09:   <-- GET /api/blog/list
2020-06-06 19:15:09: GET /api/blog/list - 4ms
2020-06-06 19:15:09:   --> GET /api/blog/list 200 4ms 2.57kb
2020-06-06 19:15:15:   <-- GET /api/blog/list
2020-06-06 19:15:15: GET /api/blog/list - 4ms
2020-06-06 19:15:15:   --> GET /api/blog/list 200 3ms 2.57kb
2020-06-06 19:15:15:   <-- GET /api/blog/list
2020-06-06 19:15:15: GET /api/blog/list - 4ms
2020-06-06 19:15:15:   --> GET /api/blog/list 200 4ms 2.57kb
2020-06-06 19:15:15:   <-- GET /api/blog/list
2020-06-06 19:15:15: GET /api/blog/list - 2ms
2020-06-06 19:15:15:   --> GET /api/blog/list 200 2ms 2.57kb
2020-06-06 19:15:15:   <-- GET /api/blog/list
2020-06-06 19:15:15: GET /api/blog/list - 3ms
2020-06-06 19:15:15:   --> GET /api/blog/list 200 3ms 2.57kb
2020-06-06 19:15:15:   <-- GET /api/blog/list
2020-06-06 19:15:15: GET /api/blog/list - 2ms
2020-06-06 19:15:15:   --> GET /api/blog/list 200 3ms 2.57kb
2020-06-06 19:15:54:   <-- POST /api/blog/new
2020-06-06 19:15:54: POST /api/blog/new - 6ms
2020-06-06 19:15:54:   --> POST /api/blog/new 200 7ms 28b
2020-06-06 19:15:54:   <-- GET /api/blog/list
2020-06-06 19:15:54: GET /api/blog/list - 2ms
2020-06-06 19:15:54:   --> GET /api/blog/list 200 2ms 2.99kb
